I, [2016-09-16T10:54:39.940444 #10220]  INFO -- default-ubuntu-1404: -----> Cleaning up any prior instances of <default-ubuntu-1404>
I, [2016-09-16T10:54:39.942388 #10220]  INFO -- default-ubuntu-1404: -----> Destroying <default-ubuntu-1404>...
I, [2016-09-16T10:54:39.945313 #10220]  INFO -- default-ubuntu-1404: Finished destroying <default-ubuntu-1404> (0m0.00s).
I, [2016-09-16T10:54:39.946290 #10220]  INFO -- default-ubuntu-1404: -----> Testing <default-ubuntu-1404>
I, [2016-09-16T10:54:39.947269 #10220]  INFO -- default-ubuntu-1404: -----> Creating <default-ubuntu-1404>...
I, [2016-09-16T10:54:42.010051 #10220]  INFO -- default-ubuntu-1404: Bringing machine 'default' up with 'virtualbox' provider...
I, [2016-09-16T10:54:42.247614 #10220]  INFO -- default-ubuntu-1404: ==> default: Importing base box 'bento/ubuntu-14.04'...
I, [2016-09-16T10:55:37.341360 #10220]  INFO -- default-ubuntu-1404: [KProgress: 10%[KProgress: 20%[KProgress: 40%[KProgress: 50%[KProgress: 80%[KProgress: 90%[K==> default: Matching MAC address for NAT networking...
I, [2016-09-16T10:55:37.669840 #10220]  INFO -- default-ubuntu-1404: ==> default: Checking if box 'bento/ubuntu-14.04' is up to date...
I, [2016-09-16T10:55:41.634072 #10220]  INFO -- default-ubuntu-1404: ==> default: Setting the name of the VM: kitchen-chef-cookbook-ntp-master-default-ubuntu-1404_default_1474003541546_40059
I, [2016-09-16T10:55:44.173921 #10220]  INFO -- default-ubuntu-1404: ==> default: Fixed port collision for 22 => 2222. Now on port 2200.
I, [2016-09-16T10:55:44.327405 #10220]  INFO -- default-ubuntu-1404: ==> default: Clearing any previously set network interfaces...
I, [2016-09-16T10:55:44.500446 #10220]  INFO -- default-ubuntu-1404: ==> default: Preparing network interfaces based on configuration...
I, [2016-09-16T10:55:44.500446 #10220]  INFO -- default-ubuntu-1404:     default: Adapter 1: nat
I, [2016-09-16T10:55:44.707697 #10220]  INFO -- default-ubuntu-1404: ==> default: Forwarding ports...
I, [2016-09-16T10:55:44.847496 #10220]  INFO -- default-ubuntu-1404:     default: 22 (guest) => 2200 (host) (adapter 1)
I, [2016-09-16T10:55:45.327507 #10220]  INFO -- default-ubuntu-1404: ==> default: Booting VM...
I, [2016-09-16T10:55:51.900996 #10220]  INFO -- default-ubuntu-1404: ==> default: Waiting for machine to boot. This may take a few minutes...
I, [2016-09-16T10:55:54.570867 #10220]  INFO -- default-ubuntu-1404:     default: SSH address: 127.0.0.1:2200
I, [2016-09-16T10:55:54.570867 #10220]  INFO -- default-ubuntu-1404:     default: SSH username: vagrant
I, [2016-09-16T10:55:54.571844 #10220]  INFO -- default-ubuntu-1404:     default: SSH auth method: private key
I, [2016-09-16T10:56:43.426255 #10220]  INFO -- default-ubuntu-1404:     default: 
I, [2016-09-16T10:56:43.426255 #10220]  INFO -- default-ubuntu-1404:     default: Vagrant insecure key detected. Vagrant will automatically replace
I, [2016-09-16T10:56:43.426255 #10220]  INFO -- default-ubuntu-1404:     default: this with a newly generated keypair for better security.
I, [2016-09-16T10:56:44.493828 #10220]  INFO -- default-ubuntu-1404:     default: 
I, [2016-09-16T10:56:44.493828 #10220]  INFO -- default-ubuntu-1404:     default: Inserting generated public key within guest...
I, [2016-09-16T10:56:44.882902 #10220]  INFO -- default-ubuntu-1404:     default: Removing insecure key from the guest if it's present...
I, [2016-09-16T10:56:45.140994 #10220]  INFO -- default-ubuntu-1404:     default: Key inserted! Disconnecting and reconnecting using new SSH key...
I, [2016-09-16T10:56:45.971966 #10220]  INFO -- default-ubuntu-1404: ==> default: Machine booted and ready!
I, [2016-09-16T10:56:45.972944 #10220]  INFO -- default-ubuntu-1404: ==> default: Checking for guest additions in VM...
I, [2016-09-16T10:56:46.073640 #10220]  INFO -- default-ubuntu-1404: ==> default: Setting hostname...
I, [2016-09-16T10:56:56.898781 #10220]  INFO -- default-ubuntu-1404: ==> default: Machine not provisioned because `--no-provision` is specified.
I, [2016-09-16T10:57:07.359329 #10220]  INFO -- default-ubuntu-1404: [SSH] Established
I, [2016-09-16T10:57:07.360280 #10220]  INFO -- default-ubuntu-1404: Vagrant instance <default-ubuntu-1404> created.
I, [2016-09-16T10:57:07.369070 #10220]  INFO -- default-ubuntu-1404: Finished creating <default-ubuntu-1404> (2m27.41s).
I, [2016-09-16T10:57:07.370028 #10220]  INFO -- default-ubuntu-1404: -----> Converging <default-ubuntu-1404>...
I, [2016-09-16T10:57:07.372961 #10220]  INFO -- default-ubuntu-1404: Preparing files for transfer
I, [2016-09-16T10:57:07.372961 #10220]  INFO -- default-ubuntu-1404: Preparing dna.json
I, [2016-09-16T10:57:07.375895 #10220]  INFO -- default-ubuntu-1404: Preparing current project directory as a cookbook
E, [2016-09-16T10:57:07.379805 #10220] ERROR -- default-ubuntu-1404: Converge failed on instance <default-ubuntu-1404>.
E, [2016-09-16T10:57:07.379805 #10220] ERROR -- default-ubuntu-1404: ------Exception-------
E, [2016-09-16T10:57:07.379805 #10220] ERROR -- default-ubuntu-1404: Class: Kitchen::UserError
E, [2016-09-16T10:57:07.379805 #10220] ERROR -- default-ubuntu-1404: Message: The metadata.rb does not define the 'name' key. Please add: `name '<cookbook_name>'` to metadata.rb and retry
E, [2016-09-16T10:57:07.379805 #10220] ERROR -- default-ubuntu-1404: ------Backtrace-------
E, [2016-09-16T10:57:07.379805 #10220] ERROR -- default-ubuntu-1404: C:/opscode/chefdk/embedded/lib/ruby/gems/2.1.0/gems/test-kitchen-1.7.3/lib/kitchen/provisioner/chef/common_sandbox.rb:143:in `cp_this_cookbook'
E, [2016-09-16T10:57:07.379805 #10220] ERROR -- default-ubuntu-1404: C:/opscode/chefdk/embedded/lib/ruby/gems/2.1.0/gems/test-kitchen-1.7.3/lib/kitchen/provisioner/chef/common_sandbox.rb:258:in `prepare_cookbooks'
E, [2016-09-16T10:57:07.380791 #10220] ERROR -- default-ubuntu-1404: C:/opscode/chefdk/embedded/lib/ruby/gems/2.1.0/gems/test-kitchen-1.7.3/lib/kitchen/provisioner/chef/common_sandbox.rb:50:in `populate'
E, [2016-09-16T10:57:07.380791 #10220] ERROR -- default-ubuntu-1404: C:/opscode/chefdk/embedded/lib/ruby/gems/2.1.0/gems/test-kitchen-1.7.3/lib/kitchen/provisioner/chef_base.rb:117:in `create_sandbox'
E, [2016-09-16T10:57:07.380791 #10220] ERROR -- default-ubuntu-1404: C:/opscode/chefdk/embedded/lib/ruby/gems/2.1.0/gems/test-kitchen-1.7.3/lib/kitchen/provisioner/chef_solo.rb:44:in `create_sandbox'
E, [2016-09-16T10:57:07.380791 #10220] ERROR -- default-ubuntu-1404: C:/opscode/chefdk/embedded/lib/ruby/gems/2.1.0/gems/test-kitchen-1.7.3/lib/kitchen/provisioner/base.rb:63:in `call'
E, [2016-09-16T10:57:07.380791 #10220] ERROR -- default-ubuntu-1404: C:/opscode/chefdk/embedded/lib/ruby/gems/2.1.0/gems/test-kitchen-1.7.3/lib/kitchen/instance.rb:373:in `block in converge_action'
E, [2016-09-16T10:57:07.380791 #10220] ERROR -- default-ubuntu-1404: C:/opscode/chefdk/embedded/lib/ruby/gems/2.1.0/gems/test-kitchen-1.7.3/lib/kitchen/instance.rb:513:in `call'
E, [2016-09-16T10:57:07.380791 #10220] ERROR -- default-ubuntu-1404: C:/opscode/chefdk/embedded/lib/ruby/gems/2.1.0/gems/test-kitchen-1.7.3/lib/kitchen/instance.rb:513:in `synchronize_or_call'
E, [2016-09-16T10:57:07.380791 #10220] ERROR -- default-ubuntu-1404: C:/opscode/chefdk/embedded/lib/ruby/gems/2.1.0/gems/test-kitchen-1.7.3/lib/kitchen/instance.rb:478:in `block in action'
E, [2016-09-16T10:57:07.380791 #10220] ERROR -- default-ubuntu-1404: C:/opscode/chefdk/embedded/lib/ruby/2.1.0/benchmark.rb:279:in `measure'
E, [2016-09-16T10:57:07.380791 #10220] ERROR -- default-ubuntu-1404: C:/opscode/chefdk/embedded/lib/ruby/gems/2.1.0/gems/test-kitchen-1.7.3/lib/kitchen/instance.rb:477:in `action'
E, [2016-09-16T10:57:07.380791 #10220] ERROR -- default-ubuntu-1404: C:/opscode/chefdk/embedded/lib/ruby/gems/2.1.0/gems/test-kitchen-1.7.3/lib/kitchen/instance.rb:369:in `converge_action'
E, [2016-09-16T10:57:07.381759 #10220] ERROR -- default-ubuntu-1404: C:/opscode/chefdk/embedded/lib/ruby/gems/2.1.0/gems/test-kitchen-1.7.3/lib/kitchen/instance.rb:348:in `block in transition_to'
E, [2016-09-16T10:57:07.381759 #10220] ERROR -- default-ubuntu-1404: C:/opscode/chefdk/embedded/lib/ruby/gems/2.1.0/gems/test-kitchen-1.7.3/lib/kitchen/instance.rb:347:in `each'
E, [2016-09-16T10:57:07.381759 #10220] ERROR -- default-ubuntu-1404: C:/opscode/chefdk/embedded/lib/ruby/gems/2.1.0/gems/test-kitchen-1.7.3/lib/kitchen/instance.rb:347:in `transition_to'
E, [2016-09-16T10:57:07.381759 #10220] ERROR -- default-ubuntu-1404: C:/opscode/chefdk/embedded/lib/ruby/gems/2.1.0/gems/test-kitchen-1.7.3/lib/kitchen/instance.rb:160:in `verify'
E, [2016-09-16T10:57:07.381759 #10220] ERROR -- default-ubuntu-1404: C:/opscode/chefdk/embedded/lib/ruby/gems/2.1.0/gems/test-kitchen-1.7.3/lib/kitchen/instance.rb:189:in `block in test'
E, [2016-09-16T10:57:07.381759 #10220] ERROR -- default-ubuntu-1404: C:/opscode/chefdk/embedded/lib/ruby/2.1.0/benchmark.rb:279:in `measure'
E, [2016-09-16T10:57:07.381759 #10220] ERROR -- default-ubuntu-1404: C:/opscode/chefdk/embedded/lib/ruby/gems/2.1.0/gems/test-kitchen-1.7.3/lib/kitchen/instance.rb:185:in `test'
E, [2016-09-16T10:57:07.381759 #10220] ERROR -- default-ubuntu-1404: C:/opscode/chefdk/embedded/lib/ruby/gems/2.1.0/gems/test-kitchen-1.7.3/lib/kitchen/command.rb:176:in `public_send'
E, [2016-09-16T10:57:07.381759 #10220] ERROR -- default-ubuntu-1404: C:/opscode/chefdk/embedded/lib/ruby/gems/2.1.0/gems/test-kitchen-1.7.3/lib/kitchen/command.rb:176:in `block (2 levels) in run_action'
E, [2016-09-16T10:57:07.381759 #10220] ERROR -- default-ubuntu-1404: ----------------------
